<?xml version="1.0" encoding="UTF-8"?>
<!-- Generated by org.testng.reporters.JUnitXMLReporter -->
<testsuite ignored="0" hostname="Jarvis-2.local" failures="1" tests="3" name="Submit Order Test" time="179.426" errors="0" timestamp="2025-05-14T22:54:34 IST">
  <testcase classname="myPersonalFramework.tests.submitOrderTest" name="submitOrder" time="43.307"/>
  <testcase classname="myPersonalFramework.tests.submitOrderTest" name="submitOrder" time="39.689">
    <failure type="org.openqa.selenium.ElementClickInterceptedException" message="element click intercepted: Element is not clickable at point (1124, 755)
  (Session info: chrome=136.0.7103.113)
Build info: version: &amp;apos;4.29.0&amp;apos;, revision: &amp;apos;5fc1ec94cb&amp;apos;
System info: os.name: &amp;apos;Mac OS X&amp;apos;, os.arch: &amp;apos;aarch64&amp;apos;, os.version: &amp;apos;14.5&amp;apos;, java.version: &amp;apos;17.0.11&amp;apos;
Driver info: org.openqa.selenium.chrome.ChromeDriver
Command: [92c6d6ddf55a19e0bc2198d8b0515596, clickElement {id=f.4CFD7A69DEDDF74F65681265D8ADD5B6.d.3D4F0259987FC8A303DACBE88B78E894.e.103}]
Capabilities {acceptInsecureCerts: false, browserName: chrome, browserVersion: 136.0.7103.113, chrome: {chromedriverVersion: 136.0.7103.94 (fa0be0b33deb..., userDataDir: /var/folders/nm/2203vc2x3w1...}, fedcm:accounts: true, goog:chromeOptions: {debuggerAddress: localhost:54352}, networkConnectionEnabled: false, pageLoadStrategy: normal, platformName: mac, proxy: Proxy(), se:cdp: ws://localhost:54352/devtoo..., se:cdpVersion: 136.0.7103.113, setWindowRect: true, strictFileInteractability: false, timeouts: {implicit: 0, pageLoad: 300000, script: 30000}, unhandledPromptBehavior: dismiss and notify, webauthn:extension:credBlob: true, webauthn:extension:largeBlob: true, webauthn:extension:minPinLength: true, webauthn:extension:prf: true, webauthn:virtualAuthenticators: true}
Element: [[ChromeDriver: chrome on mac (92c6d6ddf55a19e0bc2198d8b0515596)] -&amp;gt; css selector: .totalRow button]
Session ID: 92c6d6ddf55a19e0bc2198d8b0515596">
      <![CDATA[org.openqa.selenium.ElementClickInterceptedException: element click intercepted: Element is not clickable at point (1124, 755)
  (Session info: chrome=136.0.7103.113)
Build info: version: '4.29.0', revision: '5fc1ec94cb'
System info: os.name: 'Mac OS X', os.arch: 'aarch64', os.version: '14.5', java.version: '17.0.11'
Driver info: org.openqa.selenium.chrome.ChromeDriver
Command: [92c6d6ddf55a19e0bc2198d8b0515596, clickElement {id=f.4CFD7A69DEDDF74F65681265D8ADD5B6.d.3D4F0259987FC8A303DACBE88B78E894.e.103}]
Capabilities {acceptInsecureCerts: false, browserName: chrome, browserVersion: 136.0.7103.113, chrome: {chromedriverVersion: 136.0.7103.94 (fa0be0b33deb..., userDataDir: /var/folders/nm/2203vc2x3w1...}, fedcm:accounts: true, goog:chromeOptions: {debuggerAddress: localhost:54352}, networkConnectionEnabled: false, pageLoadStrategy: normal, platformName: mac, proxy: Proxy(), se:cdp: ws://localhost:54352/devtoo..., se:cdpVersion: 136.0.7103.113, setWindowRect: true, strictFileInteractability: false, timeouts: {implicit: 0, pageLoad: 300000, script: 30000}, unhandledPromptBehavior: dismiss and notify, webauthn:extension:credBlob: true, webauthn:extension:largeBlob: true, webauthn:extension:minPinLength: true, webauthn:extension:prf: true, webauthn:virtualAuthenticators: true}
Element: [[ChromeDriver: chrome on mac (92c6d6ddf55a19e0bc2198d8b0515596)] -> css selector: .totalRow button]
Session ID: 92c6d6ddf55a19e0bc2198d8b0515596
at org.openqa.selenium.remote.ErrorCodec.decode(ErrorCodec.java:167)
at org.openqa.selenium.remote.codec.w3c.W3CHttpResponseCodec.decode(W3CHttpResponseCodec.java:138)
at org.openqa.selenium.remote.codec.w3c.W3CHttpResponseCodec.decode(W3CHttpResponseCodec.java:50)
at org.openqa.selenium.remote.HttpCommandExecutor.execute(HttpCommandExecutor.java:215)
at org.openqa.selenium.remote.service.DriverCommandExecutor.invokeExecute(DriverCommandExecutor.java:216)
at org.openqa.selenium.remote.service.DriverCommandExecutor.execute(DriverCommandExecutor.java:174)
at org.openqa.selenium.remote.RemoteWebDriver.execute(RemoteWebDriver.java:545)
at org.openqa.selenium.remote.RemoteWebElement.execute(RemoteWebElement.java:223)
at org.openqa.selenium.remote.RemoteWebElement.click(RemoteWebElement.java:76)
at org.openqa.selenium.support.pagefactory.internal.LocatingElementHandler.invoke(LocatingElementHandler.java:51)
at jdk.proxy2/jdk.proxy2.$Proxy18.click(Unknown Source)
at myPersonalFramework.pageobjects.CartPage.goToCheckout(CartPage.java:37)
at myPersonalFramework.tests.submitOrderTest.submitOrder(submitOrderTest.java:47)
at java.base/java.util.ArrayList.forEach(ArrayList.java:1511)
at java.base/java.util.concurrent.FutureTask.run(FutureTask.java:264)
at java.base/java.util.concurrent.ThreadPoolExecutor.runWorker(ThreadPoolExecutor.java:1136)
at java.base/java.util.concurrent.ThreadPoolExecutor$Worker.run(ThreadPoolExecutor.java:635)
at java.base/java.lang.Thread.run(Thread.java:840)
... Removed 26 stack frames]]>
    </failure>
  </testcase> <!-- submitOrder -->
  <testcase classname="myPersonalFramework.tests.submitOrderTest" name="OrderHistoryTest" time="0.0">
    <skipped/>
  </testcase> <!-- OrderHistoryTest -->
</testsuite> <!-- Submit Order Test -->
